<?xml version="1.0" encoding="UTF-8"?>
<!-- Generated by org.testng.reporters.JUnitReportReporter -->
<testsuite hostname="DESKTOP-CPPOPP6" failures="0" tests="1" name="Tests.registerTest" time="8.104" errors="0" timestamp="2023-06-26T15:33:41 IST" skipped="0">
  <testcase classname="Tests.registerTest" name="registertest" time="8.104"/>
  <system-out/>
</testsuite> <!-- Tests.registerTest -->
